{
  "stats": {
    "suites": 1,
    "tests": 1,
    "passes": 0,
    "pending": 1,
    "failures": 0,
    "start": "2023-11-15T02:38:24.402Z",
    "end": "2023-11-15T02:38:24.538Z",
    "duration": 136,
    "testsRegistered": 1,
    "passPercent": null,
    "pendingPercent": 100,
    "other": 0,
    "hasOther": false,
    "skipped": 0,
    "hasSkipped": false
  },
  "results": [
    {
      "uuid": "c650a183-fd31-4449-940d-31a7c07e53e9",
      "title": "",
      "fullFile": "cypress/e2e/integration/09-Alerts.cy.js",
      "file": "cypress/e2e/integration/09-Alerts.cy.js",
      "beforeHooks": [],
      "afterHooks": [],
      "tests": [],
      "suites": [
        {
          "uuid": "7f063963-1584-49bd-a080-ddce28ccf628",
          "title": "Alerts",
          "fullFile": "",
          "file": "",
          "beforeHooks": [],
          "afterHooks": [],
          "tests": [
            {
              "title": "Handling Prompt alert",
              "fullTitle": "Alerts Handling Prompt alert",
              "timedOut": null,
              "duration": 0,
              "state": "pending",
              "speed": null,
              "pass": false,
              "fail": false,
              "pending": true,
              "context": "{\n  \"title\": \"cypress-mochawesome-reporter-videos-pending\",\n  \"value\": \"cypress/e2e/integration/09-Alerts.cy.js\"\n}",
              "code": "cy.visit('https://techglobal-training.com/frontend');\ncy.clickCard('Alerts');\n// cy.window().then((win) => {\n//     cy.stub(win, 'prompt').returns(null) // Its kind off click cancel button\n// })\n// cy.get('#prompt_alert').click()\n// cy.window().then((win) => {\n//     cy.stub(win, 'prompt')\n//return falls  Its kind off click cancel button\n// })\n// cy.get('#prompt_alert').click()\ncy.window().then(win => {\n  cy.stub(win, 'prompt').returns('Hello');\n});\ncy.get('#prompt_alert').click();\ncy.window().then(win => {\n  cy.stub(win, 'prompt').callsFake(message => {\n    console.log(message);\n    return 'My message';\n  });\n});\ncy.get('#prompt_alert').click();",
              "err": {},
              "uuid": "5aee4abb-e97a-4dad-97cf-46cbbbcf4e39",
              "parentUUID": "7f063963-1584-49bd-a080-ddce28ccf628",
              "isHook": false,
              "skipped": false
            }
          ],
          "suites": [],
          "passes": [],
          "failures": [],
          "pending": [
            "5aee4abb-e97a-4dad-97cf-46cbbbcf4e39"
          ],
          "skipped": [],
          "duration": 0,
          "root": false,
          "rootEmpty": false,
          "_timeout": 2000
        }
      ],
      "passes": [],
      "failures": [],
      "pending": [],
      "skipped": [],
      "duration": 0,
      "root": true,
      "rootEmpty": true,
      "_timeout": 2000
    }
  ],
  "meta": {
    "mocha": {
      "version": "7.0.1"
    },
    "mochawesome": {
      "options": {
        "quiet": false,
        "reportFilename": "mochawesome",
        "saveHtml": false,
        "saveJson": true,
        "consoleReporter": "spec",
        "useInlineDiffs": false,
        "code": true
      },
      "version": "7.1.3"
    },
    "marge": {
      "options": {
        "charts": true,
        "reportPageTitle": "custom-title",
        "embeddedScreenshots": true,
        "inlineAssets": true,
        "saveAllAttempts": false,
        "overwrite": false,
        "html": false,
        "json": true,
        "reportDir": "cypress/reports/html/.jsons"
      },
      "version": "6.2.0"
    }
  }
}