{
  "stats": {
    "suites": 1,
    "tests": 1,
    "passes": 0,
    "pending": 6,
    "failures": -5,
    "start": "2023-11-15T02:38:10.849Z",
    "end": "2023-11-15T02:38:11.018Z",
    "duration": 169,
    "testsRegistered": 6,
    "passPercent": null,
    "pendingPercent": 100,
    "other": 5,
    "hasOther": true,
    "skipped": 0,
    "hasSkipped": false
  },
  "results": [
    {
      "uuid": "622e7f31-562a-4394-b33f-23a415e15525",
      "title": "",
      "fullFile": "cypress/e2e/integration/06-assertionsPractices.cy.js",
      "file": "cypress/e2e/integration/06-assertionsPractices.cy.js",
      "beforeHooks": [],
      "afterHooks": [],
      "tests": [],
      "suites": [
        {
          "uuid": "b0d5a2de-e04f-4f49-bed0-cd494f28bd1d",
          "title": "Practices",
          "fullFile": "",
          "file": "",
          "beforeHooks": [],
          "afterHooks": [],
          "tests": [
            {
              "title": "Implicit assertions Practices 01",
              "fullTitle": "Practices Implicit assertions Practices 01",
              "timedOut": null,
              "duration": 0,
              "state": "pending",
              "speed": null,
              "pass": false,
              "fail": false,
              "pending": true,
              "context": "{\n  \"title\": \"cypress-mochawesome-reporter-videos-pending\",\n  \"value\": \"cypress/e2e/integration/06-assertionsPractices.cy.js\"\n}",
              "code": "/**\n * 1. Go to 'https://techglobal-training.com/frontend'\n * 2. Click on the 'Html Elements' card\n * 3. From the Paragraphs heading\n * 4. Validate Hello World and I Like automation testing! texts are visible\n * 5. Validate their texts are equal to expected texts\n * 6. Validate their id and value\n */\ncy.get(\"#hello_paragraph\").should(\"be.visible\").and(\"have.text\", \"Hello World!\").and(\"have.attr\", \"id\", \"hello_paragraph\");\ncy.get(\"#testing_paragraph\").should(\"be.visible\").and(\"have.text\", \"I like automation testing!\").and(\"have.attr\", \"id\", \"testing_paragraph\");",
              "err": {},
              "uuid": "d5b4b779-95bb-4253-9b24-89812f8a5240",
              "parentUUID": "b0d5a2de-e04f-4f49-bed0-cd494f28bd1d",
              "isHook": false,
              "skipped": false
            },
            {
              "title": "Implicit assertions Practices 02",
              "fullTitle": "Practices Implicit assertions Practices 02",
              "timedOut": null,
              "duration": 0,
              "state": "pending",
              "speed": null,
              "pass": false,
              "fail": false,
              "pending": true,
              "context": "{\n  \"title\": \"cypress-mochawesome-reporter-videos-pending\",\n  \"value\": \"cypress/e2e/integration/06-assertionsPractices.cy.js\"\n}",
              "code": "/**\n * 1. Go to 'https://techglobal-training.com/frontend'\n * 2. Click on the 'Html Elements' card\n * 3. From the \"Buttons\" section\n * 4. Validate \"Register\" and \"Signin\" buttons are visible\n * 5. Validate their texts are equal \"Register\" and \"Signin\"\n * 6. Validate both buttons are enabled\n */\ncy.get(\"#register_button\").should(\"be.visible\").and(\"have.text\", \"Register\").and(\"be.enabled\");\ncy.get(\"#signin_button\").should(\"be.visible\").and(\"have.text\", \"Sign in\").and(\"be.enabled\");",
              "err": {},
              "uuid": "c0d81c3d-66de-40d1-a8fb-70b7f1c6bab5",
              "parentUUID": "b0d5a2de-e04f-4f49-bed0-cd494f28bd1d",
              "isHook": false,
              "skipped": false
            },
            {
              "title": "Implicit assertions Practices 03",
              "fullTitle": "Practices Implicit assertions Practices 03",
              "timedOut": null,
              "duration": 0,
              "state": "pending",
              "speed": null,
              "pass": false,
              "fail": false,
              "pending": true,
              "context": "{\n  \"title\": \"cypress-mochawesome-reporter-videos-pending\",\n  \"value\": \"cypress/e2e/integration/06-assertionsPractices.cy.js\"\n}",
              "code": "/**\n* 1. Go to 'https://techglobal-training.com/frontend'\n* 2. Click on the 'Html Elements' card\n* 3. From the \"Ordered Lists\" section\n* 4. Validate \"Ordered Lists\" heading text is visible and its equal to \"Ordered Lists\"\n* 5. Validate \"Cypress\" and \"Selenium Webdriver\" texts are visible\n* 6. Validate their texts are equal \"Cypress\" and \"Selenium Webdriver\"\n*/\ncy.get('#ordered_list').prev().should('have.text', 'Ordered Lists').and('be.visible').next().find('#ordered_list_item1').should('be.visible').and('have.text', 'Cypress').next('#ordered_list_item2').should('be.visible').and('have.text', 'Selenium Webdriver');\ncy.get('#ordered_list_item1').should('be.visible').and('have.text', 'Cypress');\ncy.get('#ordered_list_item2').should('be.visible').and('have.text', 'Selenium Webdriver');",
              "err": {},
              "uuid": "3e3ba44a-db6d-4a74-aeff-11b247761f75",
              "parentUUID": "b0d5a2de-e04f-4f49-bed0-cd494f28bd1d",
              "isHook": false,
              "skipped": false
            },
            {
              "title": "Implicit assertions Practices 04",
              "fullTitle": "Practices Implicit assertions Practices 04",
              "timedOut": null,
              "duration": 0,
              "state": "pending",
              "speed": null,
              "pass": false,
              "fail": false,
              "pending": true,
              "context": "{\n  \"title\": \"cypress-mochawesome-reporter-videos-pending\",\n  \"value\": \"cypress/e2e/integration/06-assertionsPractices.cy.js\"\n}",
              "code": "/**\n * 1. Go to 'https://techglobal-training.com/frontend'\n * 2. Click on the 'Html Elements' card\n * 3. From the \"Links\" section\n * 4. Validate \"Links\" heading text is visible and its equal to \"Links\"\n * 5. Validate \"Facebook\" and \"Instagram\" anchor tags are visible\n * 6. Validate \"Facebook\" and \"Instagram\" anchor tags are enabled\n * 6. Validate \"Facebook\" and \"Instagram\" anchor tags has \"href\" attribute\n * 6. Validate their texts are equal \"Facebook\" and \"Instagram\"\n */\ncy.get('#facebook_link').prev().should('be.visible').and('have.text', \"Links\");\ncy.get('#facebook_link').should('be.visible').and('have.attr', 'href', 'https://www.facebook.com/techglobaleducation').and('have.text', 'Facebook');\ncy.get('#instagram_link').should('be.visible').and('have.attr', 'href', 'https://www.instagram.com/techglobal.school/?hl=en').and('have.text', 'Instagram');",
              "err": {},
              "uuid": "42e1fbcd-f6ea-4e8c-a33b-b65de8b60b0a",
              "parentUUID": "b0d5a2de-e04f-4f49-bed0-cd494f28bd1d",
              "isHook": false,
              "skipped": false
            },
            {
              "title": "Implicit assertions Practices 05",
              "fullTitle": "Practices Implicit assertions Practices 05",
              "timedOut": null,
              "duration": 0,
              "state": "pending",
              "speed": null,
              "pass": false,
              "fail": false,
              "pending": true,
              "context": "{\n  \"title\": \"cypress-mochawesome-reporter-videos-pending\",\n  \"value\": \"cypress/e2e/integration/06-assertionsPractices.cy.js\"\n}",
              "code": "/**\n* 1. Go to 'https://techglobal-training.com/frontend'\n* 2. Click on the 'Html Elements' card\n* 3. From the \"Checkboxes\" section\n* 4. Validate \"Tesla\" checkbox text is equal to \"Tesla\"\n* 5. Validate \"Tesla\" checkbox is enabled\n* 6. Validate \"Tesla\" checkbox is not checked\n* 7. Check on \"Tesla\" checkbox\n* 8. Validate its checked\n*/\ncy.get('#company_dropdown1 > [value=\"Tesla\"]').should('have.text', 'Tesla').and('be.enabled').and('not.be.checked');\ncy.get('#company_dropdown1').select('Tesla');\ncy.get('#tesla_check').should('have.text', 'Tesla').prev().and('be.enabled').and('not.be.checked').check();",
              "err": {},
              "uuid": "dee9518e-2af8-4736-a34c-949e5cad67bd",
              "parentUUID": "b0d5a2de-e04f-4f49-bed0-cd494f28bd1d",
              "isHook": false,
              "skipped": false
            },
            {
              "title": "Implicit assertions Practices 06",
              "fullTitle": "Practices Implicit assertions Practices 06",
              "timedOut": null,
              "duration": 0,
              "state": "pending",
              "speed": null,
              "pass": false,
              "fail": false,
              "pending": true,
              "context": "{\n  \"title\": \"cypress-mochawesome-reporter-videos-pending\",\n  \"value\": \"cypress/e2e/integration/06-assertionsPractices.cy.js\"\n}",
              "code": "/**\n* Test Case: Validate Dropdowns Functionality on TechGlobal Training Page\n* Go to https://techglobal-training.com/frontend\n* Select the \"Dropdowns\" card\n* Select the \"MacBook Pro 13\" option from the \"Product\" dropdown.\n* Select the \"Green\" option from the \"Color\" dropdown.\n* Open the \"Shipping\" dropdown and click on the \"Delivery\" option.\n* Click on the \"Submit\" button.\n* Validate result message displays \"Your Green MacBook Pro 13 will be delivered to you.\"\n*/\nlet product = \"MacBook Pro 13\";\nlet color = \"Green\";\nlet ship = \"Delivery\";\nconst expectedMess = ship === \"Delivery\" ? `Your ${color} ${product} will be delivered to you.` : `Your ${color} ${product} is ready to be picked up.`;\ncy.get('#product_dropdown').select(product);\ncy.get('#color_dropdown').select(color);\ncy.get('#shipment_dropdown').click();\ncy.get(`[aria-label=\"${ship}\"]`).click();\ncy.get('#submit').click();\ncy.get('#result').should('have.text', expectedMess);",
              "err": {},
              "uuid": "598fa7d4-778a-45cc-89a5-334fe5faf0d1",
              "parentUUID": "b0d5a2de-e04f-4f49-bed0-cd494f28bd1d",
              "isHook": false,
              "skipped": false
            }
          ],
          "suites": [],
          "passes": [],
          "failures": [],
          "pending": [
            "d5b4b779-95bb-4253-9b24-89812f8a5240",
            "c0d81c3d-66de-40d1-a8fb-70b7f1c6bab5",
            "3e3ba44a-db6d-4a74-aeff-11b247761f75",
            "42e1fbcd-f6ea-4e8c-a33b-b65de8b60b0a",
            "dee9518e-2af8-4736-a34c-949e5cad67bd",
            "598fa7d4-778a-45cc-89a5-334fe5faf0d1"
          ],
          "skipped": [],
          "duration": 0,
          "root": false,
          "rootEmpty": false,
          "_timeout": 2000
        }
      ],
      "passes": [],
      "failures": [],
      "pending": [],
      "skipped": [],
      "duration": 0,
      "root": true,
      "rootEmpty": true,
      "_timeout": 2000
    }
  ],
  "meta": {
    "mocha": {
      "version": "7.0.1"
    },
    "mochawesome": {
      "options": {
        "quiet": false,
        "reportFilename": "mochawesome",
        "saveHtml": false,
        "saveJson": true,
        "consoleReporter": "spec",
        "useInlineDiffs": false,
        "code": true
      },
      "version": "7.1.3"
    },
    "marge": {
      "options": {
        "charts": true,
        "reportPageTitle": "custom-title",
        "embeddedScreenshots": true,
        "inlineAssets": true,
        "saveAllAttempts": false,
        "overwrite": false,
        "html": false,
        "json": true,
        "reportDir": "cypress/reports/html/.jsons"
      },
      "version": "6.2.0"
    }
  }
}