{
  "stats": {
    "suites": 1,
    "tests": 1,
    "passes": 0,
    "pending": 1,
    "failures": 0,
    "start": "2023-11-15T02:38:15.778Z",
    "end": "2023-11-15T02:38:15.909Z",
    "duration": 131,
    "testsRegistered": 1,
    "passPercent": null,
    "pendingPercent": 100,
    "other": 0,
    "hasOther": false,
    "skipped": 0,
    "hasSkipped": false
  },
  "results": [
    {
      "uuid": "975aa175-f2d5-4570-8604-1f8ad855545e",
      "title": "",
      "fullFile": "cypress/e2e/integration/07-iFrames.cy.js",
      "file": "cypress/e2e/integration/07-iFrames.cy.js",
      "beforeHooks": [],
      "afterHooks": [],
      "tests": [],
      "suites": [
        {
          "uuid": "06c38413-4edc-49b5-884b-776b95128f36",
          "title": "iFrames and Cypress",
          "fullFile": "",
          "file": "",
          "beforeHooks": [],
          "afterHooks": [],
          "tests": [
            {
              "title": "iFrames",
              "fullTitle": "iFrames and Cypress iFrames",
              "timedOut": null,
              "duration": 0,
              "state": "pending",
              "speed": null,
              "pass": false,
              "fail": false,
              "pending": true,
              "context": "{\n  \"title\": \"cypress-mochawesome-reporter-videos-pending\",\n  \"value\": \"cypress/e2e/integration/07-iFrames.cy.js\"\n}",
              "code": "cy.visit('https://techglobal-training.com/frontend/');\ncy.clickCard('IFrames');\n// * Go to https://techglobal-training.com/frontend/\n// * Click on the \"IFrames\" card\n// * Enter \"John\" into the first name input box\n// * Enter \"Doe\" into the last name input box\n// * Click on the \"SUBMIT\" button\n// * Validate the result equals \"You entered: John Doe\"\nconst name = ['John', 'Doe'];\ncy.get('#form_frame').its('0.contentDocument.body').find('#first_name, #last_name ').each((el, index) => {\n  cy.wrap(el).type(name[index]);\n});\ncy.get('#form_frame').its('0.contentDocument.body').find('#submit').click();\ncy.get('#result').should('have.text', `You entered: ${name.join(' ')}`);",
              "err": {},
              "uuid": "55259a3a-2960-49bb-8c22-c767c0a521b4",
              "parentUUID": "06c38413-4edc-49b5-884b-776b95128f36",
              "isHook": false,
              "skipped": false
            }
          ],
          "suites": [],
          "passes": [],
          "failures": [],
          "pending": [
            "55259a3a-2960-49bb-8c22-c767c0a521b4"
          ],
          "skipped": [],
          "duration": 0,
          "root": false,
          "rootEmpty": false,
          "_timeout": 2000
        }
      ],
      "passes": [],
      "failures": [],
      "pending": [],
      "skipped": [],
      "duration": 0,
      "root": true,
      "rootEmpty": true,
      "_timeout": 2000
    }
  ],
  "meta": {
    "mocha": {
      "version": "7.0.1"
    },
    "mochawesome": {
      "options": {
        "quiet": false,
        "reportFilename": "mochawesome",
        "saveHtml": false,
        "saveJson": true,
        "consoleReporter": "spec",
        "useInlineDiffs": false,
        "code": true
      },
      "version": "7.1.3"
    },
    "marge": {
      "options": {
        "charts": true,
        "reportPageTitle": "custom-title",
        "embeddedScreenshots": true,
        "inlineAssets": true,
        "saveAllAttempts": false,
        "overwrite": false,
        "html": false,
        "json": true,
        "reportDir": "cypress/reports/html/.jsons"
      },
      "version": "6.2.0"
    }
  }
}