{
  "stats": {
    "suites": 1,
    "tests": 1,
    "passes": 0,
    "pending": 4,
    "failures": -3,
    "start": "2023-11-15T02:38:28.739Z",
    "end": "2023-11-15T02:38:28.892Z",
    "duration": 153,
    "testsRegistered": 4,
    "passPercent": null,
    "pendingPercent": 100,
    "other": 3,
    "hasOther": true,
    "skipped": 0,
    "hasSkipped": false
  },
  "results": [
    {
      "uuid": "be681682-0328-4c46-9bc1-c5f5398897dd",
      "title": "",
      "fullFile": "cypress/e2e/integration/10-advanced action.cy.js",
      "file": "cypress/e2e/integration/10-advanced action.cy.js",
      "beforeHooks": [],
      "afterHooks": [],
      "tests": [],
      "suites": [
        {
          "uuid": "4fe8fe01-4107-4413-ba76-ae0db3b13a67",
          "title": "Keyboard and Mouse actions",
          "fullFile": "",
          "file": "",
          "beforeHooks": [],
          "afterHooks": [],
          "tests": [
            {
              "title": "Keyboard actions ",
              "fullTitle": "Keyboard and Mouse actions Keyboard actions ",
              "timedOut": null,
              "duration": 0,
              "state": "pending",
              "speed": null,
              "pass": false,
              "fail": false,
              "pending": true,
              "context": "{\n  \"title\": \"cypress-mochawesome-reporter-videos-pending\",\n  \"value\": \"cypress/e2e/integration/10-advanced action.cy.js\"\n}",
              "code": "cy.visit('https://techglobal-training.com/frontend');\ncy.clickCard('Html Elements');\n// cy.get('#dropdown-button').trigger('mouseover');\ncy.get('#text_input1').realClick().realType('Bravo').realPress('Tab').realPress('KeyB').realPress('ArrowLeft').realPress('R').realPress('ArrowRight').realPress('Backspace');",
              "err": {},
              "uuid": "58b9feaf-a01e-4f00-807d-52e3240de9ee",
              "parentUUID": "4fe8fe01-4107-4413-ba76-ae0db3b13a67",
              "isHook": false,
              "skipped": false
            },
            {
              "title": "Click, right click and double click ",
              "fullTitle": "Keyboard and Mouse actions Click, right click and double click ",
              "timedOut": null,
              "duration": 0,
              "state": "pending",
              "speed": null,
              "pass": false,
              "fail": false,
              "pending": true,
              "context": "{\n  \"title\": \"cypress-mochawesome-reporter-videos-pending\",\n  \"value\": \"cypress/e2e/integration/10-advanced action.cy.js\"\n}",
              "code": "cy.visit('https://techglobal-training.com/frontend');\ncy.clickCard('Actions');\n/**\n* Go to https://techglobal-training.com/frontend/\n* Click on the \"Actions\" card\n* Verify that the user is redirected to the Actions page\n* Verify that the first three web elements are present and labeled as \"Click on me\", \"Right-Click on me\", and \"Double-Click on me\"\n* Perform a click action on the first web element labeled \"Click on me\"\n* Verify that a message appears next to the element stating, \"You clicked on a button!\"\n* Perform a right-click action on the second web element labeled \"Right-Click on me\"\n* Verify that the message appears next to the element stating, \"You right-clicked on a button!\"\n* Perform a double-click action on the third web element labeled \"Double-Click on me\"\n* Verify that the message appears next to the element stating, \"You double-clicked on a button!\"\n*/\ncy.title().should('eq', 'TechGlobal Training | Actions');\ncy.url().should('eq', 'https://techglobal-training.com/frontend/actions');\ncy.get('#click').should('have.text', 'Click on me').click().next().should('have.text', 'You clicked on a button!');\ncy.get('#right-click').should('have.text', 'Right-Click on me').rightclick().next().should('have.text', 'You right-clicked on a button!');\ncy.get('#double-click').should('have.text', 'Double-Click on me').dblclick().next().should('have.text', 'You double-clicked on a button!');",
              "err": {},
              "uuid": "dd21dc75-334b-413d-afee-6677ada5beb0",
              "parentUUID": "4fe8fe01-4107-4413-ba76-ae0db3b13a67",
              "isHook": false,
              "skipped": false
            },
            {
              "title": "Drag and drop",
              "fullTitle": "Keyboard and Mouse actions Drag and drop",
              "timedOut": null,
              "duration": 0,
              "state": "pending",
              "speed": null,
              "pass": false,
              "fail": false,
              "pending": true,
              "context": "{\n  \"title\": \"cypress-mochawesome-reporter-videos-pending\",\n  \"value\": \"cypress/e2e/integration/10-advanced action.cy.js\"\n}",
              "code": "cy.visit('https://techglobal-training.com/frontend');\ncy.clickCard('Actions');\n//cy.get('dragAndDrop elemebnt').drag(whereYouWantToMoved)\n// * Go to https://techglobal-training.com/frontend/\n// * Click on the \"Actions\" card\n// * Verify that the last two web elements are present and labeled as \"Drag Me\", and \"Drop Here\",\n// * Perform a Drag and Drop action on the \"Drag Me\" web element, and drop it to \"Drop Here\"\n// * Verify that the first web element \"Drag me\" is successfully dropped into the second web element \"Drop Here\"\n// * Verify that a message appears next to the  web element stating, \"An element dropped here!\"\ncy.get(\"button[id*='dr']:first-child\").should('have.text', \"Drag Me\");\ncy.get(\"button[id*='dr']:last-child\").should('have.text', \"Drop Here\");\ncy.get('#drag_element').drag('#drop_element');\ncy.get(\"button[id*='dr']:last-child\").should('have.attr', 'id', 'drag_element');\ncy.get('#drag_and_drop_result').should('have.text', 'An element dropped here!');",
              "err": {},
              "uuid": "5d05e03b-4b66-4679-8d8a-534822f9a2d4",
              "parentUUID": "4fe8fe01-4107-4413-ba76-ae0db3b13a67",
              "isHook": false,
              "skipped": false
            },
            {
              "title": "Drag and drop",
              "fullTitle": "Keyboard and Mouse actions Drag and drop",
              "timedOut": null,
              "duration": 0,
              "state": "pending",
              "speed": null,
              "pass": false,
              "fail": false,
              "pending": true,
              "context": "{\n  \"title\": \"cypress-mochawesome-reporter-videos-pending\",\n  \"value\": \"cypress/e2e/integration/10-advanced action.cy.js\"\n}",
              "code": "cy.visit('https://techglobal-training.com/frontend');\ncy.clickCard('Actions');",
              "err": {},
              "uuid": "90da67c8-aecd-4a36-87d7-4f7179e5f57e",
              "parentUUID": "4fe8fe01-4107-4413-ba76-ae0db3b13a67",
              "isHook": false,
              "skipped": false
            }
          ],
          "suites": [],
          "passes": [],
          "failures": [],
          "pending": [
            "58b9feaf-a01e-4f00-807d-52e3240de9ee",
            "dd21dc75-334b-413d-afee-6677ada5beb0",
            "5d05e03b-4b66-4679-8d8a-534822f9a2d4",
            "90da67c8-aecd-4a36-87d7-4f7179e5f57e"
          ],
          "skipped": [],
          "duration": 0,
          "root": false,
          "rootEmpty": false,
          "_timeout": 2000
        }
      ],
      "passes": [],
      "failures": [],
      "pending": [],
      "skipped": [],
      "duration": 0,
      "root": true,
      "rootEmpty": true,
      "_timeout": 2000
    }
  ],
  "meta": {
    "mocha": {
      "version": "7.0.1"
    },
    "mochawesome": {
      "options": {
        "quiet": false,
        "reportFilename": "mochawesome",
        "saveHtml": false,
        "saveJson": true,
        "consoleReporter": "spec",
        "useInlineDiffs": false,
        "code": true
      },
      "version": "7.1.3"
    },
    "marge": {
      "options": {
        "charts": true,
        "reportPageTitle": "custom-title",
        "embeddedScreenshots": true,
        "inlineAssets": true,
        "saveAllAttempts": false,
        "overwrite": false,
        "html": false,
        "json": true,
        "reportDir": "cypress/reports/html/.jsons"
      },
      "version": "6.2.0"
    }
  }
}