{
  "stats": {
    "suites": 1,
    "tests": 1,
    "passes": 0,
    "pending": 1,
    "failures": 0,
    "start": "2023-11-15T02:38:05.805Z",
    "end": "2023-11-15T02:38:06.036Z",
    "duration": 231,
    "testsRegistered": 1,
    "passPercent": null,
    "pendingPercent": 100,
    "other": 0,
    "hasOther": false,
    "skipped": 0,
    "hasSkipped": false
  },
  "results": [
    {
      "uuid": "4df5439a-84d0-4079-bc75-ebb327f26a9d",
      "title": "",
      "fullFile": "cypress/e2e/integration/05-assertions.cy.js",
      "file": "cypress/e2e/integration/05-assertions.cy.js",
      "beforeHooks": [],
      "afterHooks": [],
      "tests": [],
      "suites": [
        {
          "uuid": "e6e291d0-7fae-4f05-a6c1-7ef03f428f22",
          "title": "Cypress Assertions",
          "fullFile": "",
          "file": "",
          "beforeHooks": [],
          "afterHooks": [],
          "tests": [
            {
              "title": " Assertions - practices03",
              "fullTitle": "Cypress Assertions  Assertions - practices03",
              "timedOut": null,
              "duration": 0,
              "state": "pending",
              "speed": null,
              "pass": false,
              "fail": false,
              "pending": true,
              "context": "{\n  \"title\": \"cypress-mochawesome-reporter-videos-pending\",\n  \"value\": \"cypress/e2e/integration/05-assertions.cy.js\"\n}",
              "code": "cy.visit(\"https://techglobal-training.com/frontend/\");\ncy.clickCard(\"Html Elements\");\n/**\n* 1. Go to https://techglobal-training.com/frontend\n* 2. Navigate to 'Html Elements' card\n* 3. From the \"Dropdowns\" section\n* 4. Validate dropdown 1 and dropdown 2 is enabled\n* 6. Enter Microsoft for dropdown 1 and Apple for dropdown 2\n* 7. Validate options are selected\n*/\nconst arr = ['Microsoft', 'Apple'];\ncy.get('#company_dropdown1, #company_dropdown2').each(($el, index) => {\n  cy.wrap($el).should('be.enabled').select(arr[index]).find('option:selected').should(\"have.text\", arr[index]);\n});",
              "err": {},
              "uuid": "a79c4bf6-a2ae-4f78-9062-ebb0116e2327",
              "parentUUID": "e6e291d0-7fae-4f05-a6c1-7ef03f428f22",
              "isHook": false,
              "skipped": false
            }
          ],
          "suites": [],
          "passes": [],
          "failures": [],
          "pending": [
            "a79c4bf6-a2ae-4f78-9062-ebb0116e2327"
          ],
          "skipped": [],
          "duration": 0,
          "root": false,
          "rootEmpty": false,
          "_timeout": 2000
        }
      ],
      "passes": [],
      "failures": [],
      "pending": [],
      "skipped": [],
      "duration": 0,
      "root": true,
      "rootEmpty": true,
      "_timeout": 2000
    }
  ],
  "meta": {
    "mocha": {
      "version": "7.0.1"
    },
    "mochawesome": {
      "options": {
        "quiet": false,
        "reportFilename": "mochawesome",
        "saveHtml": false,
        "saveJson": true,
        "consoleReporter": "spec",
        "useInlineDiffs": false,
        "code": true
      },
      "version": "7.1.3"
    },
    "marge": {
      "options": {
        "charts": true,
        "reportPageTitle": "custom-title",
        "embeddedScreenshots": true,
        "inlineAssets": true,
        "saveAllAttempts": false,
        "overwrite": false,
        "html": false,
        "json": true,
        "reportDir": "cypress/reports/html/.jsons"
      },
      "version": "6.2.0"
    }
  }
}