{
  "stats": {
    "suites": 1,
    "tests": 1,
    "passes": 0,
    "pending": 1,
    "failures": 0,
    "start": "2023-11-15T02:37:45.269Z",
    "end": "2023-11-15T02:37:45.412Z",
    "duration": 143,
    "testsRegistered": 1,
    "passPercent": null,
    "pendingPercent": 100,
    "other": 0,
    "hasOther": false,
    "skipped": 0,
    "hasSkipped": false
  },
  "results": [
    {
      "uuid": "1bb628e5-1f93-4001-9327-955b483ff7cc",
      "title": "",
      "fullFile": "cypress/e2e/integration/01-firstTests.cy.js",
      "file": "cypress/e2e/integration/01-firstTests.cy.js",
      "beforeHooks": [],
      "afterHooks": [],
      "tests": [],
      "suites": [
        {
          "uuid": "0d425587-30a0-409a-9e45-cc80fd783711",
          "title": "My first test",
          "fullFile": "",
          "file": "",
          "beforeHooks": [],
          "afterHooks": [],
          "tests": [
            {
              "title": "My third test LOGO",
              "fullTitle": "My first test My third test LOGO",
              "timedOut": null,
              "duration": 0,
              "state": "pending",
              "speed": null,
              "pass": false,
              "fail": false,
              "pending": true,
              "context": "{\n  \"title\": \"cypress-mochawesome-reporter-videos-pending\",\n  \"value\": \"cypress/e2e/integration/01-firstTests.cy.js\"\n}",
              "code": "cy.visit(\"https://techglobal-training.com\");\ncy.get(\"#logo\").should(\"be.visible\").click();\ncy.get(\"#dropdown-button\");",
              "err": {},
              "uuid": "3870a41b-0c4f-44fb-948d-29c0c46d1dc3",
              "parentUUID": "0d425587-30a0-409a-9e45-cc80fd783711",
              "isHook": false,
              "skipped": false
            }
          ],
          "suites": [],
          "passes": [],
          "failures": [],
          "pending": [
            "3870a41b-0c4f-44fb-948d-29c0c46d1dc3"
          ],
          "skipped": [],
          "duration": 0,
          "root": false,
          "rootEmpty": false,
          "_timeout": 2000
        }
      ],
      "passes": [],
      "failures": [],
      "pending": [],
      "skipped": [],
      "duration": 0,
      "root": true,
      "rootEmpty": true,
      "_timeout": 2000
    }
  ],
  "meta": {
    "mocha": {
      "version": "7.0.1"
    },
    "mochawesome": {
      "options": {
        "quiet": false,
        "reportFilename": "mochawesome",
        "saveHtml": false,
        "saveJson": true,
        "consoleReporter": "spec",
        "useInlineDiffs": false,
        "code": true
      },
      "version": "7.1.3"
    },
    "marge": {
      "options": {
        "charts": true,
        "reportPageTitle": "custom-title",
        "embeddedScreenshots": true,
        "inlineAssets": true,
        "saveAllAttempts": false,
        "overwrite": false,
        "html": false,
        "json": true,
        "reportDir": "cypress/reports/html/.jsons"
      },
      "version": "6.2.0"
    }
  }
}