{
  "stats": {
    "suites": 1,
    "tests": 1,
    "passes": 0,
    "pending": 5,
    "failures": -4,
    "start": "2023-11-15T02:38:00.396Z",
    "end": "2023-11-15T02:38:00.516Z",
    "duration": 120,
    "testsRegistered": 5,
    "passPercent": null,
    "pendingPercent": 100,
    "other": 4,
    "hasOther": true,
    "skipped": 0,
    "hasSkipped": false
  },
  "results": [
    {
      "uuid": "1321324e-4d5e-45f6-937b-7cfaee3c9241",
      "title": "",
      "fullFile": "cypress/e2e/integration/04-basicCommands.cy.js",
      "file": "cypress/e2e/integration/04-basicCommands.cy.js",
      "beforeHooks": [],
      "afterHooks": [],
      "tests": [],
      "suites": [
        {
          "uuid": "9aec8e3b-0c51-4f9f-a750-4c48dac37c58",
          "title": "Cypress actions",
          "fullFile": "",
          "file": "",
          "beforeHooks": [],
          "afterHooks": [],
          "tests": [
            {
              "title": "Click Action",
              "fullTitle": "Cypress actions Click Action",
              "timedOut": null,
              "duration": 0,
              "state": "pending",
              "speed": null,
              "pass": false,
              "fail": false,
              "pending": true,
              "context": "{\n  \"title\": \"cypress-mochawesome-reporter-videos-pending\",\n  \"value\": \"cypress/e2e/integration/04-basicCommands.cy.js\"\n}",
              "code": "cy.visit(\"https://techglobal-training.com/frontend\");\ncy.get(\".cards\").contains(\"Html Elements\").click();\ncy.get(\"#register_button\").click();\ncy.get(\".mt-1\").should(\"have.text\", 'You clicked on “Register”');\ncy.get(\"#signin_button\").click();\ncy.get(\".mt-1\").should(\"have.text\", 'You clicked on “Sign in”');",
              "err": {},
              "uuid": "fe8dc6bf-a576-4e65-9fce-9274258d85b7",
              "parentUUID": "9aec8e3b-0c51-4f9f-a750-4c48dac37c58",
              "isHook": false,
              "skipped": false
            },
            {
              "title": "Checkbox and Radio buttons",
              "fullTitle": "Cypress actions Checkbox and Radio buttons",
              "timedOut": null,
              "duration": 0,
              "state": "pending",
              "speed": null,
              "pass": false,
              "fail": false,
              "pending": true,
              "context": "{\n  \"title\": \"cypress-mochawesome-reporter-videos-pending\",\n  \"value\": \"cypress/e2e/integration/04-basicCommands.cy.js\"\n}",
              "code": "cy.visit(\"https://techglobal-training.com/frontend\");\ncy.get(\".cards\").contains(\"Html Elements\").click();\n// cy.get(\"#apple_check > input\").check();\ncy.get(\"#apple_check > input\").check().should(\"be.checked\").uncheck().should(\"not.be.checked\");\ncy.get(\"#radio_1_option_1\").should(\"not.be.checked\").check().should(\"be.checked\");",
              "err": {},
              "uuid": "02805364-33af-4df8-9bf4-9ea26146a550",
              "parentUUID": "9aec8e3b-0c51-4f9f-a750-4c48dac37c58",
              "isHook": false,
              "skipped": false
            },
            {
              "title": "Text input",
              "fullTitle": "Cypress actions Text input",
              "timedOut": null,
              "duration": 0,
              "state": "pending",
              "speed": null,
              "pass": false,
              "fail": false,
              "pending": true,
              "context": "{\n  \"title\": \"cypress-mochawesome-reporter-videos-pending\",\n  \"value\": \"cypress/e2e/integration/04-basicCommands.cy.js\"\n}",
              "code": "cy.visit(\"https://techglobal-training.com/frontend\");\ncy.get(\".cards\").contains(\"Html Elements\").click();\n// .type(\"any key\")\n// .clear()\ncy.get(\"#text_input1\").type(\"Hello Igor\").clear();\ncy.get(\"#text_input2\").type(\"Hello Burak\").clear();",
              "err": {},
              "uuid": "8cbc7b87-5815-49dc-a409-768aa50e96ea",
              "parentUUID": "9aec8e3b-0c51-4f9f-a750-4c48dac37c58",
              "isHook": false,
              "skipped": false
            },
            {
              "title": "Calendar input",
              "fullTitle": "Cypress actions Calendar input",
              "timedOut": null,
              "duration": 0,
              "state": "pending",
              "speed": null,
              "pass": false,
              "fail": false,
              "pending": true,
              "context": "{\n  \"title\": \"cypress-mochawesome-reporter-videos-pending\",\n  \"value\": \"cypress/e2e/integration/04-basicCommands.cy.js\"\n}",
              "code": "cy.visit(\"https://techglobal-training.com/frontend\");\ncy.get(\".cards\").contains(\"Html Elements\").click();\ncy.get(\"#date_input1\").type(\"02/20/1987{enter}\");\ncy.get(\"#date_input2\").clear().type(\"02/20/1987{enter}\");",
              "err": {},
              "uuid": "46f1a7f6-c80c-42e8-ba9e-bc388b9fa2a9",
              "parentUUID": "9aec8e3b-0c51-4f9f-a750-4c48dac37c58",
              "isHook": false,
              "skipped": false
            },
            {
              "title": "Dropdown input",
              "fullTitle": "Cypress actions Dropdown input",
              "timedOut": null,
              "duration": 0,
              "state": "pending",
              "speed": null,
              "pass": false,
              "fail": false,
              "pending": true,
              "context": "{\n  \"title\": \"cypress-mochawesome-reporter-videos-pending\",\n  \"value\": \"cypress/e2e/integration/04-basicCommands.cy.js\"\n}",
              "code": "cy.visit(\"https://techglobal-training.com/frontend\");\ncy.get(\".cards\").contains(\"Html Elements\").click();\ncy.get(\"#company_dropdown1\").select(\"Tesla\");\ncy.get('#company_dropdown1 > option:selected').should(\"have.text\", \"Tesla\");\ncy.get(\"#company_dropdown2\").select(\"Microsoft\");\ncy.get('#company_dropdown2 > option:selected').should(\"have.text\", \"Microsoft\");",
              "err": {},
              "uuid": "2fdfa6da-5a2c-4044-9cdd-827716a7e8d9",
              "parentUUID": "9aec8e3b-0c51-4f9f-a750-4c48dac37c58",
              "isHook": false,
              "skipped": false
            }
          ],
          "suites": [],
          "passes": [],
          "failures": [],
          "pending": [
            "fe8dc6bf-a576-4e65-9fce-9274258d85b7",
            "02805364-33af-4df8-9bf4-9ea26146a550",
            "8cbc7b87-5815-49dc-a409-768aa50e96ea",
            "46f1a7f6-c80c-42e8-ba9e-bc388b9fa2a9",
            "2fdfa6da-5a2c-4044-9cdd-827716a7e8d9"
          ],
          "skipped": [],
          "duration": 0,
          "root": false,
          "rootEmpty": false,
          "_timeout": 2000
        }
      ],
      "passes": [],
      "failures": [],
      "pending": [],
      "skipped": [],
      "duration": 0,
      "root": true,
      "rootEmpty": true,
      "_timeout": 2000
    }
  ],
  "meta": {
    "mocha": {
      "version": "7.0.1"
    },
    "mochawesome": {
      "options": {
        "quiet": false,
        "reportFilename": "mochawesome",
        "saveHtml": false,
        "saveJson": true,
        "consoleReporter": "spec",
        "useInlineDiffs": false,
        "code": true
      },
      "version": "7.1.3"
    },
    "marge": {
      "options": {
        "charts": true,
        "reportPageTitle": "custom-title",
        "embeddedScreenshots": true,
        "inlineAssets": true,
        "saveAllAttempts": false,
        "overwrite": false,
        "html": false,
        "json": true,
        "reportDir": "cypress/reports/html/.jsons"
      },
      "version": "6.2.0"
    }
  }
}