{
  "stats": {
    "suites": 1,
    "tests": 1,
    "passes": 0,
    "pending": 9,
    "failures": -8,
    "start": "2023-11-15T02:37:50.846Z",
    "end": "2023-11-15T02:37:51.097Z",
    "duration": 251,
    "testsRegistered": 9,
    "passPercent": null,
    "pendingPercent": 100,
    "other": 8,
    "hasOther": true,
    "skipped": 0,
    "hasSkipped": false
  },
  "results": [
    {
      "uuid": "fe774333-3202-4b50-b268-880b53df1d05",
      "title": "",
      "fullFile": "cypress/e2e/integration/02-locators.cy.js",
      "file": "cypress/e2e/integration/02-locators.cy.js",
      "beforeHooks": [],
      "afterHooks": [],
      "tests": [],
      "suites": [
        {
          "uuid": "ecffbbea-6010-4e61-a7b3-8228ebbfcc4c",
          "title": "CSS locators",
          "fullFile": "",
          "file": "",
          "beforeHooks": [],
          "afterHooks": [],
          "tests": [
            {
              "title": "understanding CSS syntax",
              "fullTitle": "CSS locators understanding CSS syntax",
              "timedOut": null,
              "duration": 0,
              "state": "pending",
              "speed": null,
              "pass": false,
              "fail": false,
              "pending": true,
              "context": "{\n  \"title\": \"cypress-mochawesome-reporter-videos-pending\",\n  \"value\": \"cypress/e2e/integration/02-locators.cy.js\"\n}",
              "code": "cy.get(\"button\");\ncy.get(\"h3\");\ncy.get(\"li\");\ncy.get(\"input\");",
              "err": {},
              "uuid": "dd151f7b-001c-449f-80c0-7bec60fc27c4",
              "parentUUID": "ecffbbea-6010-4e61-a7b3-8228ebbfcc4c",
              "isHook": false,
              "skipped": false
            },
            {
              "title": "understanding CSS syntax part 2",
              "fullTitle": "CSS locators understanding CSS syntax part 2",
              "timedOut": null,
              "duration": 0,
              "state": "pending",
              "speed": null,
              "pass": false,
              "fail": false,
              "pending": true,
              "context": "{\n  \"title\": \"cypress-mochawesome-reporter-videos-pending\",\n  \"value\": \"cypress/e2e/integration/02-locators.cy.js\"\n}",
              "code": "cy.get(\"#hello_paragraph\");\ncy.get(\"#testing_paragraph\");\ncy.get(\"#microsoft_check\");\n// cy.get(\"#c#_radio\"); something wrong",
              "err": {},
              "uuid": "fd0ff5e6-d183-4da1-bfbc-bcf1c4518ad3",
              "parentUUID": "ecffbbea-6010-4e61-a7b3-8228ebbfcc4c",
              "isHook": false,
              "skipped": false
            },
            {
              "title": "understanding CSS syntax part 3 with > symbol",
              "fullTitle": "CSS locators understanding CSS syntax part 3 with > symbol",
              "timedOut": null,
              "duration": 0,
              "state": "pending",
              "speed": null,
              "pass": false,
              "fail": false,
              "pending": true,
              "context": "{\n  \"title\": \"cypress-mochawesome-reporter-videos-pending\",\n  \"value\": \"cypress/e2e/integration/02-locators.cy.js\"\n}",
              "code": "cy.get(\"div >  #hello_paragraph\");\ncy.get(\"div >  #testing_paragraph\");\ncy.get(\"div > .is-flex > h3\");\ncy.get(\"#radio-button-group > h3\");\ncy.get(\"#radio-button-group > div > label > #radio_1_option_1\");",
              "err": {},
              "uuid": "c09df1ae-9adc-45d9-8dea-7d11a201b1a1",
              "parentUUID": "ecffbbea-6010-4e61-a7b3-8228ebbfcc4c",
              "isHook": false,
              "skipped": false
            },
            {
              "title": "understanding CSS syntax part 4 with > symbol",
              "fullTitle": "CSS locators understanding CSS syntax part 4 with > symbol",
              "timedOut": null,
              "duration": 0,
              "state": "pending",
              "speed": null,
              "pass": false,
              "fail": false,
              "pending": true,
              "context": "{\n  \"title\": \"cypress-mochawesome-reporter-videos-pending\",\n  \"value\": \"cypress/e2e/integration/02-locators.cy.js\"\n}",
              "code": "cy.get(\"div >  #hello_paragraph\");\ncy.get(\"div >  #testing_paragraph\");\ncy.get(\"div > .is-flex > h3\");\ncy.get(\"#radio-button-group > h3\");\ncy.get(\"#radio-button-group > div > label > #radio_1_option_1\");",
              "err": {},
              "uuid": "77d900f0-41be-4783-a00e-a1041d5439f6",
              "parentUUID": "ecffbbea-6010-4e61-a7b3-8228ebbfcc4c",
              "isHook": false,
              "skipped": false
            },
            {
              "title": "understanding CSS syntax part 5 with descended element",
              "fullTitle": "CSS locators understanding CSS syntax part 5 with descended element",
              "timedOut": null,
              "duration": 0,
              "state": "pending",
              "speed": null,
              "pass": false,
              "fail": false,
              "pending": true,
              "context": "{\n  \"title\": \"cypress-mochawesome-reporter-videos-pending\",\n  \"value\": \"cypress/e2e/integration/02-locators.cy.js\"\n}",
              "code": "cy.get(\"#radio-button-group #radio_1_option_1\");\ncy.get(\"#root #ordered_list_item1\");",
              "err": {},
              "uuid": "4e41535d-91ca-4b47-9887-88b49e02a47b",
              "parentUUID": "ecffbbea-6010-4e61-a7b3-8228ebbfcc4c",
              "isHook": false,
              "skipped": false
            },
            {
              "title": "understanding CSS syntax part 6 with Adjacent Sibling Selector (+)",
              "fullTitle": "CSS locators understanding CSS syntax part 6 with Adjacent Sibling Selector (+)",
              "timedOut": null,
              "duration": 0,
              "state": "pending",
              "speed": null,
              "pass": false,
              "fail": false,
              "pending": true,
              "context": "{\n  \"title\": \"cypress-mochawesome-reporter-videos-pending\",\n  \"value\": \"cypress/e2e/integration/02-locators.cy.js\"\n}",
              "code": "cy.get(\"#checkbox-button-group > h3 ~ div\");\ncy.get(\"#checkbox-button-group > h3 + div\");",
              "err": {},
              "uuid": "8f44e232-6988-49e6-8165-a34634d75a98",
              "parentUUID": "ecffbbea-6010-4e61-a7b3-8228ebbfcc4c",
              "isHook": false,
              "skipped": false
            },
            {
              "title": "understanding CSS syntax part 6 with Grouping Selector (comma, ,)",
              "fullTitle": "CSS locators understanding CSS syntax part 6 with Grouping Selector (comma, ,)",
              "timedOut": null,
              "duration": 0,
              "state": "pending",
              "speed": null,
              "pass": false,
              "fail": false,
              "pending": true,
              "context": "{\n  \"title\": \"cypress-mochawesome-reporter-videos-pending\",\n  \"value\": \"cypress/e2e/integration/02-locators.cy.js\"\n}",
              "code": "cy.get(\"button, input\");\ncy.get(\"button, li, p\");\ncy.get(\"#java_radio, #apple_check\");",
              "err": {},
              "uuid": "8cf6b00e-5f20-4de6-9cfd-a248bf57994d",
              "parentUUID": "ecffbbea-6010-4e61-a7b3-8228ebbfcc4c",
              "isHook": false,
              "skipped": false
            },
            {
              "title": "understanding CSS syntax part 6 with Attribute Selectors",
              "fullTitle": "CSS locators understanding CSS syntax part 6 with Attribute Selectors",
              "timedOut": null,
              "duration": 0,
              "state": "pending",
              "speed": null,
              "pass": false,
              "fail": false,
              "pending": true,
              "context": "{\n  \"title\": \"cypress-mochawesome-reporter-videos-pending\",\n  \"value\": \"cypress/e2e/integration/02-locators.cy.js\"\n}",
              "code": "cy.get('[class=\"radio\"] > input');\ncy.get('[class=\"radio\"] input');\n/*\n=> * example [class*=\"value\"](contains)\n=> ˆ example [classˆ=\"value\"] (starts-with)\n=> $ example [class$=\"value\"](ends-with)\n*/",
              "err": {},
              "uuid": "db1120c9-8bb3-4280-99c6-e166d6b184e9",
              "parentUUID": "ecffbbea-6010-4e61-a7b3-8228ebbfcc4c",
              "isHook": false,
              "skipped": false
            },
            {
              "title": "CSS Pseudo-classes ",
              "fullTitle": "CSS locators CSS Pseudo-classes ",
              "timedOut": null,
              "duration": 0,
              "state": "pending",
              "speed": null,
              "pass": false,
              "fail": false,
              "pending": true,
              "context": "{\n  \"title\": \"cypress-mochawesome-reporter-videos-pending\",\n  \"value\": \"cypress/e2e/integration/02-locators.cy.js\"\n}",
              "code": "cy.get(\"#ordered_list > li:first-child\");\ncy.get(\"#ordered_list > li:last-child\");\ncy.get(\"#ordered_list > li:nth-child(1)\");\ncy.get(\"#checkbox_1\").check();\ncy.get(\"input:checked\");\ncy.visit('https://techglobal-training.com/js-exercises/js-output');\ncy.get('.explanation.content > p + ul > li:first-child');",
              "err": {},
              "uuid": "5de68bb8-3e08-44ed-be7c-e6487f97b968",
              "parentUUID": "ecffbbea-6010-4e61-a7b3-8228ebbfcc4c",
              "isHook": false,
              "skipped": false
            }
          ],
          "suites": [],
          "passes": [],
          "failures": [],
          "pending": [
            "dd151f7b-001c-449f-80c0-7bec60fc27c4",
            "fd0ff5e6-d183-4da1-bfbc-bcf1c4518ad3",
            "c09df1ae-9adc-45d9-8dea-7d11a201b1a1",
            "77d900f0-41be-4783-a00e-a1041d5439f6",
            "4e41535d-91ca-4b47-9887-88b49e02a47b",
            "8f44e232-6988-49e6-8165-a34634d75a98",
            "8cf6b00e-5f20-4de6-9cfd-a248bf57994d",
            "db1120c9-8bb3-4280-99c6-e166d6b184e9",
            "5de68bb8-3e08-44ed-be7c-e6487f97b968"
          ],
          "skipped": [],
          "duration": 0,
          "root": false,
          "rootEmpty": false,
          "_timeout": 2000
        }
      ],
      "passes": [],
      "failures": [],
      "pending": [],
      "skipped": [],
      "duration": 0,
      "root": true,
      "rootEmpty": true,
      "_timeout": 2000
    }
  ],
  "meta": {
    "mocha": {
      "version": "7.0.1"
    },
    "mochawesome": {
      "options": {
        "quiet": false,
        "reportFilename": "mochawesome",
        "saveHtml": false,
        "saveJson": true,
        "consoleReporter": "spec",
        "useInlineDiffs": false,
        "code": true
      },
      "version": "7.1.3"
    },
    "marge": {
      "options": {
        "charts": true,
        "reportPageTitle": "custom-title",
        "embeddedScreenshots": true,
        "inlineAssets": true,
        "saveAllAttempts": false,
        "overwrite": false,
        "html": false,
        "json": true,
        "reportDir": "cypress/reports/html/.jsons"
      },
      "version": "6.2.0"
    }
  }
}