{
  "stats": {
    "suites": 1,
    "tests": 1,
    "passes": 0,
    "pending": 3,
    "failures": -2,
    "start": "2023-11-15T02:37:55.492Z",
    "end": "2023-11-15T02:37:55.634Z",
    "duration": 142,
    "testsRegistered": 3,
    "passPercent": null,
    "pendingPercent": 100,
    "other": 2,
    "hasOther": true,
    "skipped": 0,
    "hasSkipped": false
  },
  "results": [
    {
      "uuid": "43f86374-a7a6-409e-ac78-0988634bc469",
      "title": "",
      "fullFile": "cypress/e2e/integration/03-selectors.cy.js",
      "file": "cypress/e2e/integration/03-selectors.cy.js",
      "beforeHooks": [],
      "afterHooks": [],
      "tests": [],
      "suites": [
        {
          "uuid": "cd6fa10c-18cd-4390-b220-08c7ee693931",
          "title": "Cypress Selectors",
          "fullFile": "",
          "file": "",
          "beforeHooks": [],
          "afterHooks": [],
          "tests": [
            {
              "title": "Practice Web Elements using get and contains",
              "fullTitle": "Cypress Selectors Practice Web Elements using get and contains",
              "timedOut": null,
              "duration": 0,
              "state": "pending",
              "speed": null,
              "pass": false,
              "fail": false,
              "pending": true,
              "context": "{\n  \"title\": \"cypress-mochawesome-reporter-videos-pending\",\n  \"value\": \"cypress/e2e/integration/03-selectors.cy.js\"\n}",
              "code": "cy.visit(\"https://techglobal-training.com/frontend\");\n//Locates the web element by its visual text\ncy.contains(\"Project\");\ncy.get(\".CardGrids_CardGrids__qDdyI\").as(\"allCards\");\ncy.get(\"@allCards\");\n//return last element from multiply web elements\ncy.get(\".cards\").last();\n//return first element from multiply web elements\ncy.get(\".cards\").first();\n//return  element by index from multiply web elements\ncy.get(\".cards\").eq(\"8\");\n//locates the web elements by its visual text on UI\ncy.contains(\"Html Elements\");\n//\ncy.contains(\".cards\", \"Html Elements\");\n// return card which is 1 of 1\ncy.get(\"@allCards\").contains(\"Html Elements\");",
              "err": {},
              "uuid": "8d67a4f2-6098-4ce0-ba43-1e9897f2a9cf",
              "parentUUID": "cd6fa10c-18cd-4390-b220-08c7ee693931",
              "isHook": false,
              "skipped": false
            },
            {
              "title": "Practice Web Elements using get and contains",
              "fullTitle": "Cypress Selectors Practice Web Elements using get and contains",
              "timedOut": null,
              "duration": 0,
              "state": "pending",
              "speed": null,
              "pass": false,
              "fail": false,
              "pending": true,
              "context": "{\n  \"title\": \"cypress-mochawesome-reporter-videos-pending\",\n  \"value\": \"cypress/e2e/integration/03-selectors.cy.js\"\n}",
              "code": "cy.visit(\"https://techglobal-training.com/frontend\");\ncy.contains(\".cards\", \"Html Elements\").click();\n//When we do this we try to locate web element with \"Paragraphs\" name\ncy.get(\"div\").contains(\"Paragraphs\");\ncy.get(\"#radio-button-group div\");\ncy.get(\"#radio-button-group\").find(\"div\");",
              "err": {},
              "uuid": "0bc35f87-dc81-4f35-b4e3-73e72b7c7858",
              "parentUUID": "cd6fa10c-18cd-4390-b220-08c7ee693931",
              "isHook": false,
              "skipped": false
            },
            {
              "title": "Practice Web Elements using next() and prev()",
              "fullTitle": "Cypress Selectors Practice Web Elements using next() and prev()",
              "timedOut": null,
              "duration": 0,
              "state": "pending",
              "speed": null,
              "pass": false,
              "fail": false,
              "pending": true,
              "context": "{\n  \"title\": \"cypress-mochawesome-reporter-videos-pending\",\n  \"value\": \"cypress/e2e/integration/03-selectors.cy.js\"\n}",
              "code": "cy.visit(\"https://techglobal-training.com/frontend\");\ncy.contains(\".cards\", \"Html Elements\").click();\n// next() - locates next sibling of a web element\ncy.get(\"div\").contains(\"Paragraphs\").next();\n//nextAll() - locates all siblings of a web element\ncy.get(\"div\").contains(\"Paragraphs\").nextAll();\n//prev() - locates prev siblings of a web element\ncy.get(\"#testing_paragraph\").prev();\n//prev() - locates prev siblings of a web element\ncy.get(\"#testing_paragraph\").prevAll();\ncy.get(\"#checkbox-button-group\").next().find(\"div\").first().find(\"input\").parent().parent().parent().prev();",
              "err": {},
              "uuid": "5ea097cd-170e-4d3c-8c11-e774609ccacc",
              "parentUUID": "cd6fa10c-18cd-4390-b220-08c7ee693931",
              "isHook": false,
              "skipped": false
            }
          ],
          "suites": [],
          "passes": [],
          "failures": [],
          "pending": [
            "8d67a4f2-6098-4ce0-ba43-1e9897f2a9cf",
            "0bc35f87-dc81-4f35-b4e3-73e72b7c7858",
            "5ea097cd-170e-4d3c-8c11-e774609ccacc"
          ],
          "skipped": [],
          "duration": 0,
          "root": false,
          "rootEmpty": false,
          "_timeout": 2000
        }
      ],
      "passes": [],
      "failures": [],
      "pending": [],
      "skipped": [],
      "duration": 0,
      "root": true,
      "rootEmpty": true,
      "_timeout": 2000
    }
  ],
  "meta": {
    "mocha": {
      "version": "7.0.1"
    },
    "mochawesome": {
      "options": {
        "quiet": false,
        "reportFilename": "mochawesome",
        "saveHtml": false,
        "saveJson": true,
        "consoleReporter": "spec",
        "useInlineDiffs": false,
        "code": true
      },
      "version": "7.1.3"
    },
    "marge": {
      "options": {
        "charts": true,
        "reportPageTitle": "custom-title",
        "embeddedScreenshots": true,
        "inlineAssets": true,
        "saveAllAttempts": false,
        "overwrite": false,
        "html": false,
        "json": true,
        "reportDir": "cypress/reports/html/.jsons"
      },
      "version": "6.2.0"
    }
  }
}